<?xml version="1.0" encoding="UTF-8"?>
<!-- Generated by org.testng.reporters.JUnitReportReporter -->
<testsuite hostname="Priyams-MacBook-Air.local" failures="0" tests="7" name="giftcard.TestPhoster" time="134.489" errors="0" timestamp="2020-08-20T23:54:23 IST" skipped="0">
  <testcase classname="giftcard.TestPhoster" name="test_elements_content_are_valid_on_web_page" time="11.611"/>
  <system-out/>
  <testcase classname="giftcard.TestPhoster" name="should_show_error_on_amount_above_400" time="5.010"/>
  <system-out/>
  <testcase classname="giftcard.TestPhoster" name="test_email_was_delivered" time="33.204"/>
  <system-out/>
  <testcase classname="giftcard.TestPhoster" name="test_2_emails_delivered_on_gifting_to_other" time="45.877"/>
  <system-out/>
  <testcase classname="giftcard.TestPhoster" name="test_send_to_someone_else_success_flow" time="18.335"/>
  <system-out/>
  <testcase classname="giftcard.TestPhoster" name="test_send_to_me_success_flow" time="15.445"/>
  <system-out/>
  <testcase classname="giftcard.TestPhoster" name="should_show_error_on_amount_below_25" time="5.007"/>
  <system-out/>
</testsuite> <!-- giftcard.TestPhoster -->
