<?xml version="1.0" encoding="UTF-8"?>
<!-- Generated by org.testng.reporters.JUnitReportReporter -->
<testsuite hostname="Priyams-MacBook-Air.local" failures="0" tests="5" name="giftcard.TestPhoster" time="73.656" errors="0" timestamp="2020-08-20T23:20:10 IST" skipped="0">
  <testcase classname="giftcard.TestPhoster" name="should_show_error_on_amount_below_25" time="7.874"/>
  <system-out/>
  <testcase classname="giftcard.TestPhoster" name="AmountVisible" time="17.218"/>
  <system-out/>
  <testcase classname="giftcard.TestPhoster" name="test_send_to_me_success_flow" time="18.404"/>
  <system-out/>
  <testcase classname="giftcard.TestPhoster" name="should_show_error_on_amount_above_400" time="11.282"/>
  <system-out/>
  <testcase classname="giftcard.TestPhoster" name="test_send_to_someone_else_success_flow" time="18.878"/>
  <system-out/>
</testsuite> <!-- giftcard.TestPhoster -->
